2026-03-04 21:57:13  [ESCALATOR]  =======================================================
2026-03-04 21:57:13  [ESCALATOR]    Auto-Escalation Scheduler started
2026-03-04 21:57:13  [ESCALATOR]    Escalation threshold : 24 hours
2026-03-04 21:57:13  [ESCALATOR]    Check interval       : 15 minutes
2026-03-04 21:57:13  [ESCALATOR]  =======================================================
2026-03-04 21:57:13  [ESCALATOR]  Running escalation check...
2026-03-04 21:57:15  [ESCALATOR]  HTTP Request: GET https://xcfhedwabzklgfajogok.supabase.co/rest/v1/grievances?select=%2A&escalation_level=eq.1 "HTTP/2 200 OK"
2026-03-04 21:57:15  [ESCALATOR]    No grievances needed escalation. (checked 2 active)
2026-03-04 21:57:15  [ESCALATOR]  Next check in 15 minutes...
2026-03-04 22:03:30  [ESCALATOR]  =======================================================
2026-03-04 22:03:30  [ESCALATOR]    Auto-Escalation Scheduler started
2026-03-04 22:03:30  [ESCALATOR]    Escalation threshold : 0.01 hours
2026-03-04 22:03:30  [ESCALATOR]    Check interval       : 0 minutes
2026-03-04 22:03:30  [ESCALATOR]  =======================================================
2026-03-04 22:03:30  [ESCALATOR]  Running escalation check...
2026-03-04 22:03:32  [ESCALATOR]  HTTP Request: GET https://xcfhedwabzklgfajogok.supabase.co/rest/v1/grievances?select=%2A&escalation_level=eq.1 "HTTP/2 200 OK"
2026-03-04 22:03:32  [ESCALATOR]  HTTP Request: PATCH https://xcfhedwabzklgfajogok.supabase.co/rest/v1/grievances?id=eq.1b6b9d26-37c4-400a-9b6d-bd13d8ce00a2 "HTTP/2 200 OK"
2026-03-04 22:03:32  [ESCALATOR]  HTTP Request: PATCH https://xcfhedwabzklgfajogok.supabase.co/rest/v1/grievances?id=eq.d49c546e-73d1-4393-8d5f-12f2d1dfcd4d "HTTP/2 200 OK"
2026-03-04 22:03:32  [ESCALATOR]    Total escalated this run: 2
2026-03-04 22:03:32  [ESCALATOR]  Next check in 0 minutes...
2026-03-04 22:03:42  [ESCALATOR]  Running escalation check...
2026-03-04 22:03:43  [ESCALATOR]  HTTP Request: GET https://xcfhedwabzklgfajogok.supabase.co/rest/v1/grievances?select=%2A&escalation_level=eq.1 "HTTP/2 200 OK"
2026-03-04 22:03:43  [ESCALATOR]    No grievances needed escalation. (checked 0 active)
2026-03-04 22:03:43  [ESCALATOR]  Next check in 0 minutes...
2026-03-04 22:03:53  [ESCALATOR]  Running escalation check...
2026-03-04 22:03:53  [ESCALATOR]  HTTP Request: GET https://xcfhedwabzklgfajogok.supabase.co/rest/v1/grievances?select=%2A&escalation_level=eq.1 "HTTP/2 200 OK"
2026-03-04 22:03:53  [ESCALATOR]    No grievances needed escalation. (checked 0 active)
2026-03-04 22:03:53  [ESCALATOR]  Next check in 0 minutes...
2026-03-04 22:04:03  [ESCALATOR]  Running escalation check...
2026-03-04 22:04:03  [ESCALATOR]  HTTP Request: GET https://xcfhedwabzklgfajogok.supabase.co/rest/v1/grievances?select=%2A&escalation_level=eq.1 "HTTP/2 200 OK"
2026-03-04 22:04:03  [ESCALATOR]    No grievances needed escalation. (checked 0 active)
2026-03-04 22:04:03  [ESCALATOR]  Next check in 0 minutes...
2026-03-04 22:04:13  [ESCALATOR]  Running escalation check...
2026-03-04 22:04:13  [ESCALATOR]  HTTP Request: GET https://xcfhedwabzklgfajogok.supabase.co/rest/v1/grievances?select=%2A&escalation_level=eq.1 "HTTP/2 200 OK"
2026-03-04 22:04:13  [ESCALATOR]    No grievances needed escalation. (checked 0 active)
2026-03-04 22:04:13  [ESCALATOR]  Next check in 0 minutes...
2026-03-04 22:04:23  [ESCALATOR]  Running escalation check...
2026-03-04 22:04:23  [ESCALATOR]  HTTP Request: GET https://xcfhedwabzklgfajogok.supabase.co/rest/v1/grievances?select=%2A&escalation_level=eq.1 "HTTP/2 200 OK"
2026-03-04 22:04:23  [ESCALATOR]    No grievances needed escalation. (checked 0 active)
2026-03-04 22:04:23  [ESCALATOR]  Next check in 0 minutes...
2026-03-04 22:04:33  [ESCALATOR]  Running escalation check...
2026-03-04 22:04:33  [ESCALATOR]  HTTP Request: GET https://xcfhedwabzklgfajogok.supabase.co/rest/v1/grievances?select=%2A&escalation_level=eq.1 "HTTP/2 200 OK"
2026-03-04 22:04:33  [ESCALATOR]    No grievances needed escalation. (checked 0 active)
2026-03-04 22:04:33  [ESCALATOR]  Next check in 0 minutes...
2026-03-05 11:20:13  [ESCALATOR]  =======================================================
2026-03-05 11:20:13  [ESCALATOR]    Auto-Escalation Scheduler started
2026-03-05 11:20:13  [ESCALATOR]    Escalation threshold : 24 hours
2026-03-05 11:20:13  [ESCALATOR]    Check interval       : 15 minutes
2026-03-05 11:20:13  [ESCALATOR]  =======================================================
2026-03-05 11:20:13  [ESCALATOR]  Running escalation check...
2026-03-05 11:20:15  [ESCALATOR]  HTTP Request: GET https://xcfhedwabzklgfajogok.supabase.co/rest/v1/grievances?select=%2A&escalation_level=eq.1 "HTTP/2 200 OK"
2026-03-05 11:20:15  [ESCALATOR]    No grievances needed escalation. (checked 0 active)
2026-03-05 11:20:15  [ESCALATOR]  Next check in 15 minutes...
2026-03-05 11:35:16  [ESCALATOR]  Running escalation check...
2026-03-05 11:35:16  [ESCALATOR]  HTTP Request: GET https://xcfhedwabzklgfajogok.supabase.co/rest/v1/grievances?select=%2A&escalation_level=eq.1 "HTTP/2 200 OK"
2026-03-05 11:35:16  [ESCALATOR]    No grievances needed escalation. (checked 2 active)
2026-03-05 11:35:16  [ESCALATOR]  Next check in 15 minutes...
